<?xml version="1.0" encoding="UTF-8"?>
<!-- Generated by org.testng.reporters.JUnitXMLReporter -->
<testsuite ignored="0" hostname="DESKTOP-16C8J8M" failures="0" tests="7" name="Test" time="63.111" errors="0" timestamp="2024-08-24T21:10:17 IST">
  <testcase classname="testCases.TC003_LogInDDT" name="verify_login" time="3.429"/>
  <testcase classname="testCases.TC003_LogInDDT" name="verify_login" time="2.138"/>
  <testcase classname="testCases.TC003_LogInDDT" name="verify_login" time="2.242"/>
  <testcase classname="testCases.TC003_LogInDDT" name="verify_login" time="11.331"/>
  <testcase classname="testCases.TC003_LogInDDT" name="verify_login" time="4.757"/>
  <testcase classname="testCases.TC003_LogInDDT" name="verify_login" time="12.113"/>
  <testcase classname="testCases.TC003_LogInDDT" name="verify_login" time="11.785"/>
</testsuite> <!-- Test -->
