<?xml version="1.0" encoding="UTF-8"?>
<!-- Generated by org.testng.reporters.JUnitXMLReporter -->
<testsuite ignored="1" hostname="DESKTOP-16C8J8M" failures="0" tests="8" name="Test" time="63.768" errors="0" timestamp="2024-08-24T19:27:55 IST">
  <testcase classname="testCases.TC002_LoginTest" name="verify_login" time="2.132"/>
  <testcase classname="testCases.TC003_LogInDDT" name="verify_login" time="2.825"/>
  <testcase classname="testCases.TC003_LogInDDT" name="verify_login" time="2.122"/>
  <testcase classname="testCases.TC003_LogInDDT" name="verify_login" time="2.165"/>
  <testcase classname="testCases.TC003_LogInDDT" name="verify_login" time="11.377"/>
  <testcase classname="testCases.TC003_LogInDDT" name="verify_login" time="3.996"/>
  <testcase classname="testCases.TC003_LogInDDT" name="verify_login" time="11.904"/>
  <testcase classname="testCases.TC003_LogInDDT" name="verify_login" time="12.844"/>
  <testcase classname="testCases.TC001_AccountRegistrationTest" name="verify_account_registration" time="0.0">
    <ignored/>
  </testcase> <!-- verify_account_registration -->
</testsuite> <!-- Test -->
